<?xml version="1.0" encoding="UTF-8"?>
<!-- Generated by org.testng.reporters.JUnitReportReporter -->
<testsuite hostname="OTM023829285" failures="0" tests="1" name="com.test.NewTest" time="4.772" errors="0" timestamp="2022-06-24T15:28:56 CDT" skipped="0">
  <testcase classname="com.test.NewTest" name="f" time="4.772"/>
  <system-out/>
</testsuite> <!-- com.test.NewTest -->
