<?xml version="1.0" encoding="UTF-8"?>
<!-- Generated by org.testng.reporters.JUnitReportReporter -->
<testsuite hostname="OTM023829285" failures="0" tests="1" name="NewTest" time="3.435" errors="0" timestamp="2022-06-24T15:09:15 CDT" skipped="0">
  <testcase classname="NewTest" name="f" time="3.435"/>
  <system-out/>
</testsuite> <!-- NewTest -->
